#
# There is insufficient memory for the Java Runtime Environment to continue.
# Native memory allocation (malloc) failed to allocate 32744 bytes for ChunkPool::allocate
# Possible reasons:
#   The system is out of physical RAM or swap space
#   In 32 bit mode, the process size limit was hit
# Possible solutions:
#   Reduce memory load on the system
#   Increase physical memory or swap space
#   Check if swap backing store is full
#   Use 64 bit Java on a 64 bit OS
#   Decrease Java heap size (-Xmx/-Xms)
#   Decrease number of Java threads
#   Decrease Java thread stack sizes (-Xss)
#   Set larger code cache with -XX:ReservedCodeCacheSize=
# This output file may be truncated or incomplete.
#
#  Out of Memory Error (allocation.cpp:273), pid=11460, tid=0x0000000000001f5c
#
# JRE version: Java(TM) SE Runtime Environment (8.0_171-b11) (build 1.8.0_171-b11)
# Java VM: Java HotSpot(TM) 64-Bit Server VM (25.171-b11 mixed mode windows-amd64 compressed oops)
# Failed to write core dump. Minidumps are not enabled by default on client versions of Windows
#

---------------  T H R E A D  ---------------

Current thread (0x0000000018e5b800):  JavaThread "C2 CompilerThread1" daemon [_thread_in_native, id=8028, stack(0x000000001a0e0000,0x000000001a1e0000)]

Stack: [0x000000001a0e0000,0x000000001a1e0000]
[error occurred during error reporting (printing stack bounds), id 0xc0000005]

Native frames: (J=compiled Java code, j=interpreted, Vv=VM code, C=native code)


Current CompileTask:
C2: 185946 8490 %     4       org.eclipse.jdt.internal.compiler.lookup.MethodVerifier15::checkMethods @ 1128 (1161 bytes)


---------------  P R O C E S S  ---------------

Java Threads: ( => current thread )
  0x000000001fcda000 JavaThread "pool-6-thread-1" [_thread_blocked, id=13680, stack(0x0000000024de0000,0x0000000024ee0000)]
  0x000000001fcd2800 JavaThread "ForkJoinPool.commonPool-worker-1" daemon [_thread_blocked, id=10140, stack(0x0000000024ce0000,0x0000000024de0000)]
  0x000000001fcd9000 JavaThread "ForkJoinPool.commonPool-worker-2" daemon [_thread_blocked, id=11332, stack(0x0000000024be0000,0x0000000024ce0000)]
  0x000000001fcd1800 JavaThread "ForkJoinPool.commonPool-worker-4" daemon [_thread_blocked, id=12412, stack(0x00000000249e0000,0x0000000024ae0000)]
  0x000000001fcd4800 JavaThread "ForkJoinPool.commonPool-worker-3" daemon [_thread_blocked, id=1432, stack(0x0000000024370000,0x0000000024470000)]
  0x000000001fcd7800 JavaThread "ForkJoinPool.commonPool-worker-0" daemon [_thread_blocked, id=11876, stack(0x00000000230a0000,0x00000000231a0000)]
  0x000000001bf79800 JavaThread "ForkJoinPool.commonPool-worker-6" daemon [_thread_blocked, id=12748, stack(0x0000000022ca0000,0x0000000022da0000)]
  0x000000001bf7a800 JavaThread "pool-1-thread-1" [_thread_in_native, id=10680, stack(0x0000000020a30000,0x0000000020b30000)]
  0x000000001bf7c000 JavaThread "Bundle File Closer" daemon [_thread_blocked, id=3336, stack(0x000000001f660000,0x000000001f760000)]
  0x000000001a790000 JavaThread "Worker-4" [_thread_blocked, id=3396, stack(0x000000001d790000,0x000000001d890000)]
  0x000000001a9b0000 JavaThread "Worker-3" [_thread_blocked, id=3856, stack(0x000000001d670000,0x000000001d770000)]
  0x000000001b7d2000 JavaThread "Java indexing" daemon [_thread_blocked, id=3700, stack(0x000000001d570000,0x000000001d670000)]
  0x000000001b6ad800 JavaThread "Worker-2" [_thread_blocked, id=1992, stack(0x000000001d070000,0x000000001d170000)]
  0x000000001abdf800 JavaThread "Worker-1" [_thread_blocked, id=5764, stack(0x000000001cf70000,0x000000001d070000)]
  0x000000001abde800 JavaThread "Worker-0" [_thread_blocked, id=8972, stack(0x000000001ce70000,0x000000001cf70000)]
  0x000000001b56f000 JavaThread "Worker-JM" [_thread_blocked, id=2940, stack(0x000000001cb70000,0x000000001cc70000)]
  0x000000001a78e000 JavaThread "Start Level: Equinox Container: 1f8def59-1955-48b2-b587-00ba3516625b" daemon [_thread_blocked, id=3804, stack(0x000000001c530000,0x000000001c630000)]
  0x000000001a78d800 JavaThread "Framework Event Dispatcher: Equinox Container: 1f8def59-1955-48b2-b587-00ba3516625b" daemon [_thread_blocked, id=4668, stack(0x000000001c430000,0x000000001c530000)]
  0x000000001acd2000 JavaThread "Active Thread: Equinox Container: 1f8def59-1955-48b2-b587-00ba3516625b" [_thread_blocked, id=5888, stack(0x000000001c330000,0x000000001c430000)]
  0x0000000018edc800 JavaThread "Service Thread" daemon [_thread_blocked, id=7988, stack(0x000000001a4e0000,0x000000001a5e0000)]
  0x0000000018e60800 JavaThread "C1 CompilerThread3" daemon [_thread_blocked, id=12532, stack(0x000000001a3e0000,0x000000001a4e0000)]
  0x0000000018e5d800 JavaThread "C2 CompilerThread2" daemon [_thread_blocked, id=4264, stack(0x000000001a2e0000,0x000000001a3e0000)]
=>0x0000000018e5b800 JavaThread "C2 CompilerThread1" daemon [_thread_in_native, id=8028, stack(0x000000001a0e0000,0x000000001a1e0000)]
  0x0000000018e5b000 JavaThread "C2 CompilerThread0" daemon [_thread_in_native, id=3956, stack(0x0000000019fe0000,0x000000001a0e0000)]
  0x0000000018e5a000 JavaThread "Attach Listener" daemon [_thread_blocked, id=3980, stack(0x0000000019ee0000,0x0000000019fe0000)]
  0x0000000018e59800 JavaThread "Signal Dispatcher" daemon [_thread_blocked, id=4632, stack(0x0000000019de0000,0x0000000019ee0000)]
  0x0000000018e54800 JavaThread "Surrogate Locker Thread (Concurrent GC)" daemon [_thread_blocked, id=4788, stack(0x0000000019ce0000,0x0000000019de0000)]
  0x0000000018de4000 JavaThread "Finalizer" daemon [_thread_blocked, id=12120, stack(0x0000000019af0000,0x0000000019bf0000)]
  0x0000000018ddb800 JavaThread "Reference Handler" daemon [_thread_blocked, id=188, stack(0x00000000199f0000,0x0000000019af0000)]
  0x0000000002812800 JavaThread "main" [_thread_blocked, id=9404, stack(0x00000000026e0000,0x00000000027e0000)]

Other Threads:
  0x0000000018da7800 VMThread [stack: 0x00000000198f0000,0x00000000199f0000] [id=10820]
  0x0000000018f11000 WatcherThread [stack: 0x000000001a5e0000,0x000000001a6e0000] [id=2732]

VM state:not at safepoint (normal execution)

VM Mutex/Monitor currently owned by a thread: None

Heap:
 garbage-first heap   total 172032K, used 129337K [0x00000000c0000000, 0x00000000c0100540, 0x0000000100000000)
  region size 1024K, 53 young (54272K), 1 survivors (1024K)
 Metaspace       used 53665K, capacity 57012K, committed 57344K, reserved 1099776K
  class space    used 5566K, capacity 6573K, committed 6680K, reserved 1048576K

Heap Regions: (Y=young(eden), SU=young(survivor), HS=humongous(starts), HC=humongous(continues), CS=collection set, F=free, TS=gc time stamp, PTAMS=previous top-at-mark-start, NTAMS=next top-at-mark-start)
AC   0  O    TS     0 PTAMS 0x00000000c0100000 NTAMS 0x00000000c0100000 space 1024K, 100% used [0x00000000c0000000, 0x00000000c0100000)
AC   0  O    TS     0 PTAMS 0x00000000c0200000 NTAMS 0x00000000c0200000 space 1024K, 100% used [0x00000000c0100000, 0x00000000c0200000)
AC   0  O    TS     0 PTAMS 0x00000000c0300000 NTAMS 0x00000000c0300000 space 1024K, 100% used [0x00000000c0200000, 0x00000000c0300000)
AC   0  O    TS     0 PTAMS 0x00000000c0400000 NTAMS 0x00000000c0400000 space 1024K, 100% used [0x00000000c0300000, 0x00000000c0400000)
AC   0  O    TS     0 PTAMS 0x00000000c0500000 NTAMS 0x00000000c0500000 space 1024K, 100% used [0x00000000c0400000, 0x00000000c0500000)
AC   0  O    TS     0 PTAMS 0x00000000c0600000 NTAMS 0x00000000c0600000 space 1024K, 100% used [0x00000000c0500000, 0x00000000c0600000)
AC   0  O    TS     0 PTAMS 0x00000000c0700000 NTAMS 0x00000000c0700000 space 1024K, 100% used [0x00000000c0600000, 0x00000000c0700000)
AC   0  O    TS     0 PTAMS 0x00000000c0800000 NTAMS 0x00000000c0800000 space 1024K, 100% used [0x00000000c0700000, 0x00000000c0800000)
AC   0  O    TS     0 PTAMS 0x00000000c0900000 NTAMS 0x00000000c0900000 space 1024K, 100% used [0x00000000c0800000, 0x00000000c0900000)
AC   0  O    TS     0 PTAMS 0x00000000c0a00000 NTAMS 0x00000000c0a00000 space 1024K, 100% used [0x00000000c0900000, 0x00000000c0a00000)
AC   0  O    TS     0 PTAMS 0x00000000c0b00000 NTAMS 0x00000000c0b00000 space 1024K, 100% used [0x00000000c0a00000, 0x00000000c0b00000)
AC   0  O    TS     0 PTAMS 0x00000000c0c00000 NTAMS 0x00000000c0c00000 space 1024K, 100% used [0x00000000c0b00000, 0x00000000c0c00000)
AC   0  O    TS     0 PTAMS 0x00000000c0d00000 NTAMS 0x00000000c0d00000 space 1024K, 100% used [0x00000000c0c00000, 0x00000000c0d00000)
AC   0  O    TS     0 PTAMS 0x00000000c0e00000 NTAMS 0x00000000c0e00000 space 1024K, 100% used [0x00000000c0d00000, 0x00000000c0e00000)
AC   0  O    TS     0 PTAMS 0x00000000c0f00000 NTAMS 0x00000000c0f00000 space 1024K, 100% used [0x00000000c0e00000, 0x00000000c0f00000)
AC   0  F    TS     0 PTAMS 0x00000000c0f00000 NTAMS 0x00000000c0f00000 space 1024K,   0% used [0x00000000c0f00000, 0x00000000c1000000)
AC   0  O    TS     0 PTAMS 0x00000000c1100000 NTAMS 0x00000000c1100000 space 1024K, 100% used [0x00000000c1000000, 0x00000000c1100000)
AC   0  O    TS     0 PTAMS 0x00000000c1200000 NTAMS 0x00000000c1200000 space 1024K, 100% used [0x00000000c1100000, 0x00000000c1200000)
AC   0  O    TS     0 PTAMS 0x00000000c1300000 NTAMS 0x00000000c1300000 space 1024K, 100% used [0x00000000c1200000, 0x00000000c1300000)
AC   0  O    TS     0 PTAMS 0x00000000c1400000 NTAMS 0x00000000c1400000 space 1024K, 100% used [0x00000000c1300000, 0x00000000c1400000)
AC   0  F    TS     0 PTAMS 0x00000000c1400000 NTAMS 0x00000000c1400000 space 1024K,   0% used [0x00000000c1400000, 0x00000000c1500000)
AC   0  O    TS     0 PTAMS 0x00000000c1600000 NTAMS 0x00000000c1600000 space 1024K, 100% used [0x00000000c1500000, 0x00000000c1600000)
AC   0  O    TS     0 PTAMS 0x00000000c1700000 NTAMS 0x00000000c1700000 space 1024K, 100% used [0x00000000c1600000, 0x00000000c1700000)
AC   0  O    TS     0 PTAMS 0x00000000c1800000 NTAMS 0x00000000c1800000 space 1024K, 100% used [0x00000000c1700000, 0x00000000c1800000)
AC   0  F    TS     0 PTAMS 0x00000000c1800000 NTAMS 0x00000000c1800000 space 1024K,   0% used [0x00000000c1800000, 0x00000000c1900000)
AC   0  O    TS     0 PTAMS 0x00000000c1a00000 NTAMS 0x00000000c1a00000 space 1024K, 100% used [0x00000000c1900000, 0x00000000c1a00000)
AC   0  O    TS     0 PTAMS 0x00000000c1b00000 NTAMS 0x00000000c1b00000 space 1024K, 100% used [0x00000000c1a00000, 0x00000000c1b00000)
AC   0  O    TS     0 PTAMS 0x00000000c1c00000 NTAMS 0x00000000c1c00000 space 1024K, 100% used [0x00000000c1b00000, 0x00000000c1c00000)
AC   0  O    TS     3 PTAMS 0x00000000c1c80200 NTAMS 0x00000000c1c80200 space 1024K, 100% used [0x00000000c1c00000, 0x00000000c1d00000)
AC   0  O    TS     0 PTAMS 0x00000000c1e00000 NTAMS 0x00000000c1e00000 space 1024K, 100% used [0x00000000c1d00000, 0x00000000c1e00000)
AC   0  O    TS     0 PTAMS 0x00000000c1f00000 NTAMS 0x00000000c1f00000 space 1024K, 100% used [0x00000000c1e00000, 0x00000000c1f00000)
AC   0  O    TS     0 PTAMS 0x00000000c2000000 NTAMS 0x00000000c2000000 space 1024K, 100% used [0x00000000c1f00000, 0x00000000c2000000)
AC   0 HS    TS     0 PTAMS 0x00000000c2080010 NTAMS 0x00000000c2080010 space 1024K,  50% used [0x00000000c2000000, 0x00000000c2100000)
AC   0  O    TS     3 PTAMS 0x00000000c2100000 NTAMS 0x00000000c2100000 space 1024K, 100% used [0x00000000c2100000, 0x00000000c2200000)
AC   0  O    TS     0 PTAMS 0x00000000c2300000 NTAMS 0x00000000c2300000 space 1024K, 100% used [0x00000000c2200000, 0x00000000c2300000)
AC   0  O    TS     0 PTAMS 0x00000000c2400000 NTAMS 0x00000000c2400000 space 1024K, 100% used [0x00000000c2300000, 0x00000000c2400000)
AC   0  O    TS     0 PTAMS 0x00000000c2500000 NTAMS 0x00000000c2500000 space 1024K, 100% used [0x00000000c2400000, 0x00000000c2500000)
AC   0  O    TS     0 PTAMS 0x00000000c2600000 NTAMS 0x00000000c2600000 space 1024K, 100% used [0x00000000c2500000, 0x00000000c2600000)
AC   0  O    TS     0 PTAMS 0x00000000c2700000 NTAMS 0x00000000c2700000 space 1024K, 100% used [0x00000000c2600000, 0x00000000c2700000)
AC   0  O    TS     0 PTAMS 0x00000000c2800000 NTAMS 0x00000000c2800000 space 1024K, 100% used [0x00000000c2700000, 0x00000000c2800000)
AC   0  O    TS     0 PTAMS 0x00000000c2900000 NTAMS 0x00000000c2900000 space 1024K, 100% used [0x00000000c2800000, 0x00000000c2900000)
AC   0  O    TS     0 PTAMS 0x00000000c2a00000 NTAMS 0x00000000c2a00000 space 1024K, 100% used [0x00000000c2900000, 0x00000000c2a00000)
AC   0  O    TS     0 PTAMS 0x00000000c2b00000 NTAMS 0x00000000c2b00000 space 1024K, 100% used [0x00000000c2a00000, 0x00000000c2b00000)
AC   0  O    TS     0 PTAMS 0x00000000c2c00000 NTAMS 0x00000000c2c00000 space 1024K, 100% used [0x00000000c2b00000, 0x00000000c2c00000)
AC   0  O    TS     0 PTAMS 0x00000000c2d00000 NTAMS 0x00000000c2d00000 space 1024K, 100% used [0x00000000c2c00000, 0x00000000c2d00000)
AC   0  O    TS     0 PTAMS 0x00000000c2e00000 NTAMS 0x00000000c2e00000 space 1024K, 100% used [0x00000000c2d00000, 0x00000000c2e00000)
AC   0  O    TS     0 PTAMS 0x00000000c2f00000 NTAMS 0x00000000c2f00000 space 1024K, 100% used [0x00000000c2e00000, 0x00000000c2f00000)
AC   0  O    TS     3 PTAMS 0x00000000c2f00000 NTAMS 0x00000000c2f00000 space 1024K, 100% used [0x00000000c2f00000, 0x00000000c3000000)
AC   0  O    TS     3 PTAMS 0x00000000c3000000 NTAMS 0x00000000c3000000 space 1024K, 100% used [0x00000000c3000000, 0x00000000c3100000)
AC   0  O    TS     3 PTAMS 0x00000000c3100000 NTAMS 0x00000000c3100000 space 1024K, 100% used [0x00000000c3100000, 0x00000000c3200000)
AC   0  O    TS     3 PTAMS 0x00000000c3200000 NTAMS 0x00000000c3200000 space 1024K, 100% used [0x00000000c3200000, 0x00000000c3300000)
AC   0  O    TS     0 PTAMS 0x00000000c3400000 NTAMS 0x00000000c3400000 space 1024K, 100% used [0x00000000c3300000, 0x00000000c3400000)
AC   0  O    TS     0 PTAMS 0x00000000c3500000 NTAMS 0x00000000c3500000 space 1024K, 100% used [0x00000000c3400000, 0x00000000c3500000)
AC   0  O    TS     3 PTAMS 0x00000000c3500000 NTAMS 0x00000000c3500000 space 1024K, 100% used [0x00000000c3500000, 0x00000000c3600000)
AC   0  O    TS     0 PTAMS 0x00000000c3700000 NTAMS 0x00000000c3700000 space 1024K, 100% used [0x00000000c3600000, 0x00000000c3700000)
AC   0  O    TS     0 PTAMS 0x00000000c3800000 NTAMS 0x00000000c3800000 space 1024K, 100% used [0x00000000c3700000, 0x00000000c3800000)
AC   0  O    TS     3 PTAMS 0x00000000c3800000 NTAMS 0x00000000c3800000 space 1024K, 100% used [0x00000000c3800000, 0x00000000c3900000)
AC   0  O    TS     3 PTAMS 0x00000000c3900000 NTAMS 0x00000000c3900000 space 1024K,  80% used [0x00000000c3900000, 0x00000000c3a00000)
AC   0  O    TS     0 PTAMS 0x00000000c3b00000 NTAMS 0x00000000c3b00000 space 1024K, 100% used [0x00000000c3a00000, 0x00000000c3b00000)
AC   0  O    TS     0 PTAMS 0x00000000c3c00000 NTAMS 0x00000000c3c00000 space 1024K, 100% used [0x00000000c3b00000, 0x00000000c3c00000)
AC   0  O    TS     0 PTAMS 0x00000000c3d00000 NTAMS 0x00000000c3d00000 space 1024K, 100% used [0x00000000c3c00000, 0x00000000c3d00000)
AC   0  O    TS     0 PTAMS 0x00000000c3e00000 NTAMS 0x00000000c3e00000 space 1024K, 100% used [0x00000000c3d00000, 0x00000000c3e00000)
AC   0  O    TS     0 PTAMS 0x00000000c3f00000 NTAMS 0x00000000c3f00000 space 1024K, 100% used [0x00000000c3e00000, 0x00000000c3f00000)
AC   0  O    TS     0 PTAMS 0x00000000c4000000 NTAMS 0x00000000c4000000 space 1024K, 100% used [0x00000000c3f00000, 0x00000000c4000000)
AC   0  F    TS     0 PTAMS 0x00000000c4000000 NTAMS 0x00000000c4000000 space 1024K,   0% used [0x00000000c4000000, 0x00000000c4100000)
AC   0  O    TS     0 PTAMS 0x00000000c4200000 NTAMS 0x00000000c4200000 space 1024K, 100% used [0x00000000c4100000, 0x00000000c4200000)
AC   0  O    TS     0 PTAMS 0x00000000c4300000 NTAMS 0x00000000c4300000 space 1024K, 100% used [0x00000000c4200000, 0x00000000c4300000)
AC   0  F    TS     0 PTAMS 0x00000000c4300000 NTAMS 0x00000000c4300000 space 1024K,   0% used [0x00000000c4300000, 0x00000000c4400000)
AC   0  O    TS     0 PTAMS 0x00000000c4500000 NTAMS 0x00000000c4500000 space 1024K, 100% used [0x00000000c4400000, 0x00000000c4500000)
AC   0  O    TS     0 PTAMS 0x00000000c4600000 NTAMS 0x00000000c4600000 space 1024K, 100% used [0x00000000c4500000, 0x00000000c4600000)
AC   0  F    TS     0 PTAMS 0x00000000c4600000 NTAMS 0x00000000c4600000 space 1024K,   0% used [0x00000000c4600000, 0x00000000c4700000)
AC   0  F    TS     0 PTAMS 0x00000000c4700000 NTAMS 0x00000000c4700000 space 1024K,   0% used [0x00000000c4700000, 0x00000000c4800000)
AC   0  O    TS     0 PTAMS 0x00000000c4900000 NTAMS 0x00000000c4900000 space 1024K, 100% used [0x00000000c4800000, 0x00000000c4900000)
AC   0  F    TS     0 PTAMS 0x00000000c4900000 NTAMS 0x00000000c4900000 space 1024K,   0% used [0x00000000c4900000, 0x00000000c4a00000)
AC   0  F    TS     0 PTAMS 0x00000000c4a00000 NTAMS 0x00000000c4a00000 space 1024K,   0% used [0x00000000c4a00000, 0x00000000c4b00000)
AC   0  F    TS     0 PTAMS 0x00000000c4b00000 NTAMS 0x00000000c4b00000 space 1024K,   0% used [0x00000000c4b00000, 0x00000000c4c00000)
AC   0  F    TS     0 PTAMS 0x00000000c4c00000 NTAMS 0x00000000c4c00000 space 1024K,   0% used [0x00000000c4c00000, 0x00000000c4d00000)
AC   0  F    TS     0 PTAMS 0x00000000c4d00000 NTAMS 0x00000000c4d00000 space 1024K,   0% used [0x00000000c4d00000, 0x00000000c4e00000)
AC   0  F    TS     0 PTAMS 0x00000000c4e00000 NTAMS 0x00000000c4e00000 space 1024K,   0% used [0x00000000c4e00000, 0x00000000c4f00000)
AC   0  F    TS     0 PTAMS 0x00000000c4f00000 NTAMS 0x00000000c4f00000 space 1024K,   0% used [0x00000000c4f00000, 0x00000000c5000000)
AC   0  F    TS     0 PTAMS 0x00000000c5000000 NTAMS 0x00000000c5000000 space 1024K,   0% used [0x00000000c5000000, 0x00000000c5100000)
AC   0  F    TS     0 PTAMS 0x00000000c5100000 NTAMS 0x00000000c5100000 space 1024K,   0% used [0x00000000c5100000, 0x00000000c5200000)
AC   0  O    TS     0 PTAMS 0x00000000c5300000 NTAMS 0x00000000c5300000 space 1024K, 100% used [0x00000000c5200000, 0x00000000c5300000)
AC   0  O    TS     0 PTAMS 0x00000000c5400000 NTAMS 0x00000000c5400000 space 1024K, 100% used [0x00000000c5300000, 0x00000000c5400000)
AC   0  F    TS     0 PTAMS 0x00000000c5400000 NTAMS 0x00000000c5400000 space 1024K,   0% used [0x00000000c5400000, 0x00000000c5500000)
AC   0  O    TS     0 PTAMS 0x00000000c5600000 NTAMS 0x00000000c5600000 space 1024K, 100% used [0x00000000c5500000, 0x00000000c5600000)
AC   0  F    TS     0 PTAMS 0x00000000c5600000 NTAMS 0x00000000c5600000 space 1024K,   0% used [0x00000000c5600000, 0x00000000c5700000)
AC   0  F    TS     0 PTAMS 0x00000000c5700000 NTAMS 0x00000000c5700000 space 1024K,   0% used [0x00000000c5700000, 0x00000000c5800000)
AC   0  F    TS     0 PTAMS 0x00000000c5800000 NTAMS 0x00000000c5800000 space 1024K,   0% used [0x00000000c5800000, 0x00000000c5900000)
AC   0  F    TS     0 PTAMS 0x00000000c5900000 NTAMS 0x00000000c5900000 space 1024K,   0% used [0x00000000c5900000, 0x00000000c5a00000)
AC   0  F    TS     0 PTAMS 0x00000000c5a00000 NTAMS 0x00000000c5a00000 space 1024K,   0% used [0x00000000c5a00000, 0x00000000c5b00000)
AC   0  F    TS     0 PTAMS 0x00000000c5b00000 NTAMS 0x00000000c5b00000 space 1024K,   0% used [0x00000000c5b00000, 0x00000000c5c00000)
AC   0  F    TS     0 PTAMS 0x00000000c5c00000 NTAMS 0x00000000c5c00000 space 1024K,   0% used [0x00000000c5c00000, 0x00000000c5d00000)
AC   0  F    TS     0 PTAMS 0x00000000c5d00000 NTAMS 0x00000000c5d00000 space 1024K,   0% used [0x00000000c5d00000, 0x00000000c5e00000)
AC   0  F    TS     0 PTAMS 0x00000000c5e00000 NTAMS 0x00000000c5e00000 space 1024K,   0% used [0x00000000c5e00000, 0x00000000c5f00000)
AC   0  F    TS     0 PTAMS 0x00000000c5f00000 NTAMS 0x00000000c5f00000 space 1024K,   0% used [0x00000000c5f00000, 0x00000000c6000000)
AC   0  F    TS     1 PTAMS 0x00000000c6000000 NTAMS 0x00000000c6000000 space 1024K,   0% used [0x00000000c6000000, 0x00000000c6100000)
AC   0  F    TS     0 PTAMS 0x00000000c6100000 NTAMS 0x00000000c6100000 space 1024K,   0% used [0x00000000c6100000, 0x00000000c6200000)
AC   0  F    TS     0 PTAMS 0x00000000c6200000 NTAMS 0x00000000c6200000 space 1024K,   0% used [0x00000000c6200000, 0x00000000c6300000)
AC   0  F    TS     1 PTAMS 0x00000000c6300000 NTAMS 0x00000000c6300000 space 1024K,   0% used [0x00000000c6300000, 0x00000000c6400000)
AC   0  F    TS     0 PTAMS 0x00000000c6400000 NTAMS 0x00000000c6400000 space 1024K,   0% used [0x00000000c6400000, 0x00000000c6500000)
AC   0  F    TS     0 PTAMS 0x00000000c6500000 NTAMS 0x00000000c6500000 space 1024K,   0% used [0x00000000c6500000, 0x00000000c6600000)
AC   0  F    TS     0 PTAMS 0x00000000c6600000 NTAMS 0x00000000c6600000 space 1024K,   0% used [0x00000000c6600000, 0x00000000c6700000)
AC   0  F    TS     0 PTAMS 0x00000000c6700000 NTAMS 0x00000000c6700000 space 1024K,   0% used [0x00000000c6700000, 0x00000000c6800000)
AC   0  F    TS     0 PTAMS 0x00000000c6800000 NTAMS 0x00000000c6800000 space 1024K,   0% used [0x00000000c6800000, 0x00000000c6900000)
AC   0  F    TS     0 PTAMS 0x00000000c6900000 NTAMS 0x00000000c6900000 space 1024K,   0% used [0x00000000c6900000, 0x00000000c6a00000)
AC   0  F    TS     0 PTAMS 0x00000000c6a00000 NTAMS 0x00000000c6a00000 space 1024K,   0% used [0x00000000c6a00000, 0x00000000c6b00000)
AC   0  F    TS     0 PTAMS 0x00000000c6b00000 NTAMS 0x00000000c6b00000 space 1024K,   0% used [0x00000000c6b00000, 0x00000000c6c00000)
AC   0  F    TS     0 PTAMS 0x00000000c6c00000 NTAMS 0x00000000c6c00000 space 1024K,   0% used [0x00000000c6c00000, 0x00000000c6d00000)
AC   0  E    TS     0 PTAMS 0x00000000c6d00000 NTAMS 0x00000000c6d00000 space 1024K,  42% used [0x00000000c6d00000, 0x00000000c6e00000)
AC   0  E CS TS     0 PTAMS 0x00000000c6e00000 NTAMS 0x00000000c6e00000 space 1024K, 100% used [0x00000000c6e00000, 0x00000000c6f00000)
AC   0  E CS TS     0 PTAMS 0x00000000c6f00000 NTAMS 0x00000000c6f00000 space 1024K, 100% used [0x00000000c6f00000, 0x00000000c7000000)
AC   0  E CS TS     0 PTAMS 0x00000000c7000000 NTAMS 0x00000000c7000000 space 1024K, 100% used [0x00000000c7000000, 0x00000000c7100000)
AC   0  E CS TS     0 PTAMS 0x00000000c7100000 NTAMS 0x00000000c7100000 space 1024K, 100% used [0x00000000c7100000, 0x00000000c7200000)
AC   0  E CS TS     0 PTAMS 0x00000000c7200000 NTAMS 0x00000000c7200000 space 1024K, 100% used [0x00000000c7200000, 0x00000000c7300000)
AC   0  E CS TS     0 PTAMS 0x00000000c7300000 NTAMS 0x00000000c7300000 space 1024K, 100% used [0x00000000c7300000, 0x00000000c7400000)
AC   0  E CS TS     0 PTAMS 0x00000000c7400000 NTAMS 0x00000000c7400000 space 1024K, 100% used [0x00000000c7400000, 0x00000000c7500000)
AC   0  E CS TS     0 PTAMS 0x00000000c7500000 NTAMS 0x00000000c7500000 space 1024K, 100% used [0x00000000c7500000, 0x00000000c7600000)
AC   0  E CS TS     0 PTAMS 0x00000000c7600000 NTAMS 0x00000000c7600000 space 1024K, 100% used [0x00000000c7600000, 0x00000000c7700000)
AC   0  E CS TS     0 PTAMS 0x00000000c7700000 NTAMS 0x00000000c7700000 space 1024K, 100% used [0x00000000c7700000, 0x00000000c7800000)
AC   0  E CS TS     0 PTAMS 0x00000000c7800000 NTAMS 0x00000000c7800000 space 1024K, 100% used [0x00000000c7800000, 0x00000000c7900000)
AC   0  E CS TS     0 PTAMS 0x00000000c7900000 NTAMS 0x00000000c7900000 space 1024K, 100% used [0x00000000c7900000, 0x00000000c7a00000)
AC   0  E CS TS     0 PTAMS 0x00000000c7a00000 NTAMS 0x00000000c7a00000 space 1024K, 100% used [0x00000000c7a00000, 0x00000000c7b00000)
AC   0  E CS TS     0 PTAMS 0x00000000c7b00000 NTAMS 0x00000000c7b00000 space 1024K, 100% used [0x00000000c7b00000, 0x00000000c7c00000)
AC   0  E CS TS     0 PTAMS 0x00000000c7c00000 NTAMS 0x00000000c7c00000 space 1024K, 100% used [0x00000000c7c00000, 0x00000000c7d00000)
AC   0  E CS TS     0 PTAMS 0x00000000c7d00000 NTAMS 0x00000000c7d00000 space 1024K, 100% used [0x00000000c7d00000, 0x00000000c7e00000)
AC   0  E CS TS     0 PTAMS 0x00000000c7e00000 NTAMS 0x00000000c7e00000 space 1024K, 100% used [0x00000000c7e00000, 0x00000000c7f00000)
AC   0  E CS TS     0 PTAMS 0x00000000c7f00000 NTAMS 0x00000000c7f00000 space 1024K, 100% used [0x00000000c7f00000, 0x00000000c8000000)
AC   0  E CS TS     0 PTAMS 0x00000000c8000000 NTAMS 0x00000000c8000000 space 1024K, 100% used [0x00000000c8000000, 0x00000000c8100000)
AC   0  E CS TS     0 PTAMS 0x00000000c8100000 NTAMS 0x00000000c8100000 space 1024K, 100% used [0x00000000c8100000, 0x00000000c8200000)
AC   0  E CS TS     0 PTAMS 0x00000000c8200000 NTAMS 0x00000000c8200000 space 1024K, 100% used [0x00000000c8200000, 0x00000000c8300000)
AC   0  E CS TS     0 PTAMS 0x00000000c8300000 NTAMS 0x00000000c8300000 space 1024K, 100% used [0x00000000c8300000, 0x00000000c8400000)
AC   0  E CS TS     0 PTAMS 0x00000000c8400000 NTAMS 0x00000000c8400000 space 1024K, 100% used [0x00000000c8400000, 0x00000000c8500000)
AC   0  E CS TS     0 PTAMS 0x00000000c8500000 NTAMS 0x00000000c8500000 space 1024K, 100% used [0x00000000c8500000, 0x00000000c8600000)
AC   0  E CS TS     0 PTAMS 0x00000000c8600000 NTAMS 0x00000000c8600000 space 1024K, 100% used [0x00000000c8600000, 0x00000000c8700000)
AC   0  E CS TS     0 PTAMS 0x00000000c8700000 NTAMS 0x00000000c8700000 space 1024K, 100% used [0x00000000c8700000, 0x00000000c8800000)
AC   0  E CS TS     0 PTAMS 0x00000000c8800000 NTAMS 0x00000000c8800000 space 1024K, 100% used [0x00000000c8800000, 0x00000000c8900000)
AC   0  E CS TS     0 PTAMS 0x00000000c8900000 NTAMS 0x00000000c8900000 space 1024K, 100% used [0x00000000c8900000, 0x00000000c8a00000)
AC   0  E CS TS     0 PTAMS 0x00000000c8a00000 NTAMS 0x00000000c8a00000 space 1024K, 100% used [0x00000000c8a00000, 0x00000000c8b00000)
AC   0  E CS TS     0 PTAMS 0x00000000c8b00000 NTAMS 0x00000000c8b00000 space 1024K, 100% used [0x00000000c8b00000, 0x00000000c8c00000)
AC   0  E CS TS     0 PTAMS 0x00000000c8c00000 NTAMS 0x00000000c8c00000 space 1024K, 100% used [0x00000000c8c00000, 0x00000000c8d00000)
AC   0  E CS TS     0 PTAMS 0x00000000c8d00000 NTAMS 0x00000000c8d00000 space 1024K, 100% used [0x00000000c8d00000, 0x00000000c8e00000)
AC   0  O    TS     0 PTAMS 0x00000000c8f00000 NTAMS 0x00000000c8f00000 space 1024K, 100% used [0x00000000c8e00000, 0x00000000c8f00000)
AC   0  O    TS     0 PTAMS 0x00000000c9000000 NTAMS 0x00000000c9000000 space 1024K, 100% used [0x00000000c8f00000, 0x00000000c9000000)
AC   0  E CS TS     0 PTAMS 0x00000000c9000000 NTAMS 0x00000000c9000000 space 1024K, 100% used [0x00000000c9000000, 0x00000000c9100000)
AC   0  E CS TS     0 PTAMS 0x00000000c9100000 NTAMS 0x00000000c9100000 space 1024K, 100% used [0x00000000c9100000, 0x00000000c9200000)
AC   0  E CS TS     0 PTAMS 0x00000000c9200000 NTAMS 0x00000000c9200000 space 1024K, 100% used [0x00000000c9200000, 0x00000000c9300000)
AC   0  E CS TS     0 PTAMS 0x00000000c9300000 NTAMS 0x00000000c9300000 space 1024K, 100% used [0x00000000c9300000, 0x00000000c9400000)
AC   0  E CS TS     0 PTAMS 0x00000000c9400000 NTAMS 0x00000000c9400000 space 1024K, 100% used [0x00000000c9400000, 0x00000000c9500000)
AC   0  E CS TS     0 PTAMS 0x00000000c9500000 NTAMS 0x00000000c9500000 space 1024K, 100% used [0x00000000c9500000, 0x00000000c9600000)
AC   0  O    TS     0 PTAMS 0x00000000c9700000 NTAMS 0x00000000c9700000 space 1024K, 100% used [0x00000000c9600000, 0x00000000c9700000)
AC   0  O    TS     0 PTAMS 0x00000000c9800000 NTAMS 0x00000000c9800000 space 1024K, 100% used [0x00000000c9700000, 0x00000000c9800000)
AC   0  E CS TS     0 PTAMS 0x00000000c9800000 NTAMS 0x00000000c9800000 space 1024K, 100% used [0x00000000c9800000, 0x00000000c9900000)
AC   0  E CS TS     0 PTAMS 0x00000000c9900000 NTAMS 0x00000000c9900000 space 1024K, 100% used [0x00000000c9900000, 0x00000000c9a00000)
AC   0  E CS TS     0 PTAMS 0x00000000c9a00000 NTAMS 0x00000000c9a00000 space 1024K, 100% used [0x00000000c9a00000, 0x00000000c9b00000)
AC   0  E CS TS     0 PTAMS 0x00000000c9b00000 NTAMS 0x00000000c9b00000 space 1024K, 100% used [0x00000000c9b00000, 0x00000000c9c00000)
AC   0  E CS TS     0 PTAMS 0x00000000c9c00000 NTAMS 0x00000000c9c00000 space 1024K, 100% used [0x00000000c9c00000, 0x00000000c9d00000)
AC   0  E CS TS     0 PTAMS 0x00000000c9d00000 NTAMS 0x00000000c9d00000 space 1024K, 100% used [0x00000000c9d00000, 0x00000000c9e00000)
AC   0  O    TS     0 PTAMS 0x00000000c9f00000 NTAMS 0x00000000c9f00000 space 1024K, 100% used [0x00000000c9e00000, 0x00000000c9f00000)
AC   0  E CS TS     0 PTAMS 0x00000000c9f00000 NTAMS 0x00000000c9f00000 space 1024K, 100% used [0x00000000c9f00000, 0x00000000ca000000)
AC   0  S CS TS     3 PTAMS 0x00000000ca000000 NTAMS 0x00000000ca000000 space 1024K, 100% used [0x00000000ca000000, 0x00000000ca100000)
AC   0  E CS TS     0 PTAMS 0x00000000ca100000 NTAMS 0x00000000ca100000 space 1024K, 100% used [0x00000000ca100000, 0x00000000ca200000)
AC   0  O    TS     0 PTAMS 0x00000000ca300000 NTAMS 0x00000000ca300000 space 1024K, 100% used [0x00000000ca200000, 0x00000000ca300000)
AC   0  E CS TS     0 PTAMS 0x00000000ca300000 NTAMS 0x00000000ca300000 space 1024K, 100% used [0x00000000ca300000, 0x00000000ca400000)
AC   0  E CS TS     0 PTAMS 0x00000000ca400000 NTAMS 0x00000000ca400000 space 1024K, 100% used [0x00000000ca400000, 0x00000000ca500000)
AC   0  E CS TS     0 PTAMS 0x00000000ca500000 NTAMS 0x00000000ca500000 space 1024K, 100% used [0x00000000ca500000, 0x00000000ca600000)
AC   0  E CS TS     0 PTAMS 0x00000000ca600000 NTAMS 0x00000000ca600000 space 1024K, 100% used [0x00000000ca600000, 0x00000000ca700000)
AC   0  E CS TS     0 PTAMS 0x00000000ca700000 NTAMS 0x00000000ca700000 space 1024K, 100% used [0x00000000ca700000, 0x00000000ca800000)

Card table byte_map: [0x0000000013a70000,0x0000000013c70000] byte_map_base: 0x0000000013470000

Marking Bits (Prev, Next): (CMBitMap*) 0x0000000002860f88, (CMBitMap*) 0x0000000002860fe0
 Prev Bits: [0x0000000013e70000, 0x0000000014e70000)
 Next Bits: [0x0000000014e70000, 0x0000000015e70000)

Polling page: 0x0000000000ca0000

CodeCache: size=245760Kb used=27018Kb max_used=27033Kb free=218741Kb
 bounds [0x0000000002910000, 0x00000000043a0000, 0x0000000011910000]
 total_blobs=7734 nmethods=7147 adapters=495
 compilation: enabled

Compilation events (10 events):
Event: 184.539 Thread 0x0000000018e5b000 8530       4       java.util.stream.AbstractPipeline::copyInto (53 bytes)
Event: 184.540 Thread 0x0000000018e5d800 nmethod 8529 0x000000000407bbd0 code [0x000000000407bd00, 0x000000000407be58]
Event: 184.540 Thread 0x0000000018e5d800 8531       4       java.util.stream.AbstractPipeline::wrapSink (37 bytes)
Event: 184.542 Thread 0x0000000018e5b000 nmethod 8530 0x000000000407dfd0 code [0x000000000407e140, 0x000000000407e398]
Event: 184.546 Thread 0x0000000018e60800 nmethod 8528 0x0000000004389510 code [0x000000000438a020, 0x0000000004393418]
Event: 184.547 Thread 0x0000000018e5d800 nmethod 8531 0x000000000407cd50 code [0x000000000407cec0, 0x000000000407d598]
Event: 184.547 Thread 0x0000000018e60800 8532       3       org.jsoup.helper.StringUtil::inSorted (14 bytes)
Event: 184.547 Thread 0x0000000018e60800 nmethod 8532 0x0000000004080a50 code [0x0000000004080bc0, 0x0000000004080e08]
Event: 184.548 Thread 0x0000000018e60800 8533       3       org.jsoup.parser.CharacterReader::current (26 bytes)
Event: 184.548 Thread 0x0000000018e60800 nmethod 8533 0x000000000319d350 code [0x000000000319d4c0, 0x000000000319d690]

GC Heap History (10 events):
Event: 125.185 GC heap before
{Heap before GC invocations=27 (full 0):
 garbage-first heap   total 172032K, used 87444K [0x00000000c0000000, 0x00000000c0100540, 0x0000000100000000)
  region size 1024K, 8 young (8192K), 1 survivors (1024K)
 Metaspace       used 52884K, capacity 56138K, committed 56192K, reserved 1099776K
  class space    used 5515K, capacity 6504K, committed 6552K, reserved 1048576K
Event: 125.193 GC heap after
Heap after GC invocations=28 (full 0):
 garbage-first heap   total 172032K, used 82535K [0x00000000c0000000, 0x00000000c0100540, 0x0000000100000000)
  region size 1024K, 1 young (1024K), 1 survivors (1024K)
 Metaspace       used 52884K, capacity 56138K, committed 56192K, reserved 1099776K
  class space    used 5515K, capacity 6504K, committed 6552K, reserved 1048576K
}
Event: 138.897 GC heap before
{Heap before GC invocations=28 (full 0):
 garbage-first heap   total 172032K, used 143975K [0x00000000c0000000, 0x00000000c0100540, 0x0000000100000000)
  region size 1024K, 61 young (62464K), 1 survivors (1024K)
 Metaspace       used 53116K, capacity 56432K, committed 56448K, reserved 1099776K
  class space    used 5523K, capacity 6537K, committed 6552K, reserved 1048576K
Event: 138.901 GC heap after
Heap after GC invocations=29 (full 0):
 garbage-first heap   total 172032K, used 82305K [0x00000000c0000000, 0x00000000c0100540, 0x0000000100000000)
  region size 1024K, 1 young (1024K), 1 survivors (1024K)
 Metaspace       used 53116K, capacity 56432K, committed 56448K, reserved 1099776K
  class space    used 5523K, capacity 6537K, committed 6552K, reserved 1048576K
}
Event: 166.750 GC heap before
{Heap before GC invocations=29 (full 0):
 garbage-first heap   total 172032K, used 145793K [0x00000000c0000000, 0x00000000c0100540, 0x0000000100000000)
  region size 1024K, 63 young (64512K), 1 survivors (1024K)
 Metaspace       used 53475K, capacity 56782K, committed 56960K, reserved 1099776K
  class space    used 5552K, capacity 6540K, committed 6552K, reserved 1048576K
Event: 166.755 GC heap after
Heap after GC invocations=30 (full 0):
 garbage-first heap   total 172032K, used 83112K [0x00000000c0000000, 0x00000000c0100540, 0x0000000100000000)
  region size 1024K, 2 young (2048K), 2 survivors (2048K)
 Metaspace       used 53475K, capacity 56782K, committed 56960K, reserved 1099776K
  class space    used 5552K, capacity 6540K, committed 6552K, reserved 1048576K
}
Event: 179.708 GC heap before
{Heap before GC invocations=31 (full 0):
 garbage-first heap   total 172032K, used 146600K [0x00000000c0000000, 0x00000000c0100540, 0x0000000100000000)
  region size 1024K, 64 young (65536K), 2 survivors (2048K)
 Metaspace       used 53606K, capacity 56916K, committed 56960K, reserved 1099776K
  class space    used 5562K, capacity 6541K, committed 6552K, reserved 1048576K
Event: 179.712 GC heap after
Heap after GC invocations=32 (full 0):
 garbage-first heap   total 172032K, used 83911K [0x00000000c0000000, 0x00000000c0100540, 0x0000000100000000)
  region size 1024K, 2 young (2048K), 2 survivors (2048K)
 Metaspace       used 53606K, capacity 56916K, committed 56960K, reserved 1099776K
  class space    used 5562K, capacity 6541K, committed 6552K, reserved 1048576K
}
Event: 180.884 GC heap before
{Heap before GC invocations=32 (full 0):
 garbage-first heap   total 172032K, used 90055K [0x00000000c0000000, 0x00000000c0100540, 0x0000000100000000)
  region size 1024K, 8 young (8192K), 2 survivors (2048K)
 Metaspace       used 53609K, capacity 56980K, committed 57216K, reserved 1099776K
  class space    used 5562K, capacity 6541K, committed 6552K, reserved 1048576K
Event: 180.897 GC heap after
Heap after GC invocations=33 (full 0):
 garbage-first heap   total 172032K, used 77113K [0x00000000c0000000, 0x00000000c0100540, 0x0000000100000000)
  region size 1024K, 1 young (1024K), 1 survivors (1024K)
 Metaspace       used 53609K, capacity 56980K, committed 57216K, reserved 1099776K
  class space    used 5562K, capacity 6541K, committed 6552K, reserved 1048576K
}

Deoptimization events (10 events):
Event: 183.167 Thread 0x000000001bf79800 Uncommon trap: reason=class_check action=maybe_recompile pc=0x0000000002e2ed34 method=java.util.stream.Sink$ChainedReference.<init>(Ljava/util/stream/Sink;)V @ 9
Event: 183.167 Thread 0x000000001bf79800 Uncommon trap: reason=class_check action=maybe_recompile pc=0x0000000002e2ed34 method=java.util.stream.Sink$ChainedReference.<init>(Ljava/util/stream/Sink;)V @ 9
Event: 183.167 Thread 0x000000001bf79800 Uncommon trap: reason=class_check action=maybe_recompile pc=0x0000000002e2ed34 method=java.util.stream.Sink$ChainedReference.<init>(Ljava/util/stream/Sink;)V @ 9
Event: 183.167 Thread 0x000000001bf79800 Uncommon trap: reason=class_check action=maybe_recompile pc=0x0000000002e2ed34 method=java.util.stream.Sink$ChainedReference.<init>(Ljava/util/stream/Sink;)V @ 9
Event: 184.476 Thread 0x000000001bf7a800 Uncommon trap: reason=class_check action=maybe_recompile pc=0x0000000002bd9dd0 method=java.util.HashMap.removeNode(ILjava/lang/Object;Ljava/lang/Object;ZZ)Ljava/util/HashMap$Node; @ 143
Event: 184.521 Thread 0x000000001bf79800 Uncommon trap: reason=unstable_if action=reinterpret pc=0x00000000040ac864 method=org.eclipse.jdt.internal.compiler.parser.ScannerHelper.toLowerCase(C)C @ 4
Event: 184.521 Thread 0x000000001bf79800 Uncommon trap: reason=class_check action=maybe_recompile pc=0x00000000040438ac method=java.lang.Character.toLowerCase(I)I @ 5
Event: 184.523 Thread 0x000000001bf79800 Uncommon trap: reason=unstable_if action=reinterpret pc=0x000000000401d804 method=org.eclipse.jdt.internal.compiler.parser.ScannerHelper.toLowerCase(C)C @ 4
Event: 184.523 Thread 0x000000001bf79800 Uncommon trap: reason=class_check action=maybe_recompile pc=0x00000000040438ac method=java.lang.Character.toLowerCase(I)I @ 5
Event: 184.523 Thread 0x000000001bf79800 Uncommon trap: reason=class_check action=maybe_recompile pc=0x00000000040438ac method=java.lang.Character.toLowerCase(I)I @ 5

Classes redefined (0 events):
No events

Internal exceptions (10 events):
Event: 181.189 Thread 0x000000001fcd4800 Exception <a 'java/lang/ArrayIndexOutOfBoundsException'> (0x00000000ca38aa88) thrown at [C:\re\workspace\8-2-build-windows-amd64-cygwin\jdk8u171\10807\hotspot\src\share\vm\runtime\sharedRuntime.cpp, line 605]
Event: 183.081 Thread 0x000000001fcd4800 Exception <a 'java/lang/ArrayIndexOutOfBoundsException'> (0x00000000c942ce88) thrown at [C:\re\workspace\8-2-build-windows-amd64-cygwin\jdk8u171\10807\hotspot\src\share\vm\runtime\sharedRuntime.cpp, line 605]
Event: 183.081 Thread 0x000000001fcd4800 Exception <a 'java/lang/ArrayIndexOutOfBoundsException'> (0x00000000c942d0c0) thrown at [C:\re\workspace\8-2-build-windows-amd64-cygwin\jdk8u171\10807\hotspot\src\share\vm\runtime\sharedRuntime.cpp, line 605]
Event: 183.099 Thread 0x000000001fcd2800 Exception <a 'java/lang/ArrayIndexOutOfBoundsException'> (0x00000000c92a8058) thrown at [C:\re\workspace\8-2-build-windows-amd64-cygwin\jdk8u171\10807\hotspot\src\share\vm\runtime\sharedRuntime.cpp, line 605]
Event: 183.099 Thread 0x000000001fcd2800 Exception <a 'java/lang/ArrayIndexOutOfBoundsException'> (0x00000000c92a8290) thrown at [C:\re\workspace\8-2-build-windows-amd64-cygwin\jdk8u171\10807\hotspot\src\share\vm\runtime\sharedRuntime.cpp, line 605]
Event: 183.153 Thread 0x000000001bf79800 Exception <a 'java/lang/ArrayIndexOutOfBoundsException'> (0x00000000c90233e0) thrown at [C:\re\workspace\8-2-build-windows-amd64-cygwin\jdk8u171\10807\hotspot\src\share\vm\runtime\sharedRuntime.cpp, line 605]
Event: 183.787 Thread 0x000000001bf79800 Exception <a 'java/lang/ArrayIndexOutOfBoundsException'> (0x00000000c8469a10) thrown at [C:\re\workspace\8-2-build-windows-amd64-cygwin\jdk8u171\10807\hotspot\src\share\vm\runtime\sharedRuntime.cpp, line 605]
Event: 184.455 Thread 0x000000001bf79800 Exception <a 'java/lang/ArrayIndexOutOfBoundsException'> (0x00000000c7ca4720) thrown at [C:\re\workspace\8-2-build-windows-amd64-cygwin\jdk8u171\10807\hotspot\src\share\vm\runtime\sharedRuntime.cpp, line 605]
Event: 184.518 Thread 0x000000001bf79800 Exception <a 'java/lang/ArrayIndexOutOfBoundsException'> (0x00000000c7355518) thrown at [C:\re\workspace\8-2-build-windows-amd64-cygwin\jdk8u171\10807\hotspot\src\share\vm\runtime\sharedRuntime.cpp, line 605]
Event: 184.540 Thread 0x000000001fcda000 Exception <a 'java/lang/ClassNotFoundException': sun/net/www/protocol/jdt/Handler> (0x00000000c71e05c8) thrown at [C:\re\workspace\8-2-build-windows-amd64-cygwin\jdk8u171\10807\hotspot\src\share\vm\classfile\systemDictionary.cpp, line 210]

Events (10 events):
Event: 184.523 Thread 0x000000001bf79800 Uncommon trap: trap_request=0xffffffde fr.pc=0x00000000040438ac
Event: 184.523 Thread 0x000000001bf79800 DEOPT PACKING pc=0x00000000040438ac sp=0x0000000022d9dbe0
Event: 184.523 Thread 0x000000001bf79800 DEOPT UNPACKING pc=0x000000000295583b sp=0x0000000022d9db28 mode 2
Event: 184.536 Thread 0x000000001fcda000 Thread added: 0x000000001fcda000
Event: 184.540 loading class sun/net/www/protocol/jdt/Handler
Event: 184.540 loading class sun/net/www/protocol/jdt/Handler done
Event: 184.540 loading class sun/net/www/protocol/jdt/Handler
Event: 184.540 loading class sun/net/www/protocol/jdt/Handler done
Event: 184.547 Thread 0x0000000018e60800 flushing nmethod 0x000000000319d350
Event: 184.547 Thread 0x0000000018e60800 flushing nmethod 0x00000000032fdd10


Dynamic libraries:
0x00007ff7e2360000 - 0x00007ff7e2397000 	C:\Program Files\Java\jdk1.8.0_171\bin\java.exe
0x00007ffea7550000 - 0x00007ffea7731000 	C:\WINDOWS\SYSTEM32\ntdll.dll
0x00007ffea52f0000 - 0x00007ffea53a1000 	C:\WINDOWS\System32\KERNEL32.DLL
0x00007ffea4690000 - 0x00007ffea4903000 	C:\WINDOWS\System32\KERNELBASE.dll
0x00007ffea7290000 - 0x00007ffea7331000 	C:\WINDOWS\System32\ADVAPI32.dll
0x00007ffea7370000 - 0x00007ffea740e000 	C:\WINDOWS\System32\msvcrt.dll
0x00007ffea5a80000 - 0x00007ffea5adb000 	C:\WINDOWS\System32\sechost.dll
0x00007ffea5cf0000 - 0x00007ffea5e14000 	C:\WINDOWS\System32\RPCRT4.dll
0x00007ffea49e0000 - 0x00007ffea4b70000 	C:\WINDOWS\System32\USER32.dll
0x00007ffea44d0000 - 0x00007ffea44f0000 	C:\WINDOWS\System32\win32u.dll
0x00007ffea7340000 - 0x00007ffea7368000 	C:\WINDOWS\System32\GDI32.dll
0x00007ffea44f0000 - 0x00007ffea4681000 	C:\WINDOWS\System32\gdi32full.dll
0x00007ffea4030000 - 0x00007ffea40cf000 	C:\WINDOWS\System32\msvcp_win.dll
0x00007ffea43d0000 - 0x00007ffea44c8000 	C:\WINDOWS\System32\ucrtbase.dll
0x00007ffe8c4b0000 - 0x00007ffe8c719000 	C:\WINDOWS\WinSxS\amd64_microsoft.windows.common-controls_6595b64144ccf1df_6.0.17134.950_none_fb3da4273069d3e0\COMCTL32.dll
0x00007ffea4fc0000 - 0x00007ffea52e2000 	C:\WINDOWS\System32\combase.dll
0x00007ffea4960000 - 0x00007ffea49d9000 	C:\WINDOWS\System32\bcryptPrimitives.dll
0x00007ffea7260000 - 0x00007ffea728d000 	C:\WINDOWS\System32\IMM32.DLL
0x000000005dbf0000 - 0x000000005dcc2000 	C:\Program Files\Java\jdk1.8.0_171\jre\bin\msvcr100.dll
0x000000005cee0000 - 0x000000005d780000 	C:\Program Files\Java\jdk1.8.0_171\jre\bin\server\jvm.dll
0x00007ffea5c60000 - 0x00007ffea5c68000 	C:\WINDOWS\System32\PSAPI.DLL
0x00007ffe9db40000 - 0x00007ffe9db63000 	C:\WINDOWS\SYSTEM32\WINMM.dll
0x00007ffe9e1d0000 - 0x00007ffe9e1da000 	C:\WINDOWS\SYSTEM32\VERSION.dll
0x00007ffe91a50000 - 0x00007ffe91a59000 	C:\WINDOWS\SYSTEM32\WSOCK32.dll
0x00007ffea5b90000 - 0x00007ffea5bfc000 	C:\WINDOWS\System32\WS2_32.dll
0x00007ffe9d9b0000 - 0x00007ffe9d9da000 	C:\WINDOWS\SYSTEM32\WINMMBASE.dll
0x00007ffea4910000 - 0x00007ffea4959000 	C:\WINDOWS\System32\cfgmgr32.dll
0x000000005dbe0000 - 0x000000005dbef000 	C:\Program Files\Java\jdk1.8.0_171\jre\bin\verify.dll
0x000000005dbb0000 - 0x000000005dbd9000 	C:\Program Files\Java\jdk1.8.0_171\jre\bin\java.dll
0x000000005db90000 - 0x000000005dba6000 	C:\Program Files\Java\jdk1.8.0_171\jre\bin\zip.dll
0x00007ffea5e20000 - 0x00007ffea7260000 	C:\WINDOWS\System32\SHELL32.dll
0x00007ffea5ae0000 - 0x00007ffea5b89000 	C:\WINDOWS\System32\shcore.dll
0x00007ffea3920000 - 0x00007ffea402d000 	C:\WINDOWS\System32\windows.storage.dll
0x00007ffea5580000 - 0x00007ffea55d1000 	C:\WINDOWS\System32\shlwapi.dll
0x00007ffea38e0000 - 0x00007ffea38f1000 	C:\WINDOWS\System32\kernel.appcore.dll
0x00007ffea3900000 - 0x00007ffea391f000 	C:\WINDOWS\System32\profapi.dll
0x00007ffea3860000 - 0x00007ffea38ac000 	C:\WINDOWS\System32\powrprof.dll
0x00007ffea38d0000 - 0x00007ffea38da000 	C:\WINDOWS\System32\FLTLIB.DLL
0x00007ffea32a0000 - 0x00007ffea32b7000 	C:\WINDOWS\SYSTEM32\CRYPTSP.dll
0x00007ffea2c90000 - 0x00007ffea2cc3000 	C:\WINDOWS\system32\rsaenh.dll
0x00007ffea33c0000 - 0x00007ffea33e5000 	C:\WINDOWS\SYSTEM32\bcrypt.dll
0x00007ffea3760000 - 0x00007ffea3788000 	C:\WINDOWS\SYSTEM32\USERENV.dll
0x00007ffea3290000 - 0x00007ffea329b000 	C:\WINDOWS\SYSTEM32\CRYPTBASE.dll
0x000000005db70000 - 0x000000005db8a000 	C:\Program Files\Java\jdk1.8.0_171\jre\bin\net.dll
0x00007ffea30e0000 - 0x00007ffea3146000 	C:\WINDOWS\system32\mswsock.dll
0x00007ffea2e30000 - 0x00007ffea2e68000 	C:\WINDOWS\SYSTEM32\IPHLPAPI.DLL
0x00007ffea74b0000 - 0x00007ffea74b8000 	C:\WINDOWS\System32\NSI.dll
0x00007ffe9d580000 - 0x00007ffe9d596000 	C:\WINDOWS\SYSTEM32\dhcpcsvc6.DLL
0x00007ffe9d5c0000 - 0x00007ffe9d5da000 	C:\WINDOWS\SYSTEM32\dhcpcsvc.DLL
0x000000005db50000 - 0x000000005db61000 	C:\Program Files\Java\jdk1.8.0_171\jre\bin\nio.dll
0x00007ffe92350000 - 0x00007ffe92379000 	C:\Users\Asus\.vscode\extensions\redhat.java-0.48.0\server\config_win\org.eclipse.equinox.launcher\org.eclipse.equinox.launcher.win32.win32.x86_64_1.1.1100.v20190715-0945\eclipse_1902.dll
0x00007ffe94e70000 - 0x00007ffe94e81000 	C:\Users\Asus\.vscode\extensions\redhat.java-0.48.0\server\config_win\org.eclipse.osgi\21\0\.cp\jWinHttp-1.0.0.dll
0x00007ffea55e0000 - 0x00007ffea5731000 	C:\WINDOWS\System32\ole32.dll
0x00007ffe9ae90000 - 0x00007ffe9af6d000 	C:\WINDOWS\SYSTEM32\WINHTTP.dll
0x000000005db20000 - 0x000000005db44000 	C:\Program Files\Java\jdk1.8.0_171\jre\bin\sunec.dll

VM Arguments:
jvm_args: -Declipse.application=org.eclipse.jdt.ls.core.id1 -Dosgi.bundles.defaultStartLevel=4 -Declipse.product=org.eclipse.jdt.ls.core.product -Dfile.encoding=utf8 -DwatchParentProcess=false -Xverify:none -Xmx1G -XX:+UseG1GC -XX:+UseStringDeduplication 
java_command: c:\Users\Asus\.vscode\extensions\redhat.java-0.48.0\server\plugins\org.eclipse.equinox.launcher_1.5.500.v20190715-1310.jar -configuration c:\Users\Asus\.vscode\extensions\redhat.java-0.48.0\server\config_win -data c:\Users\Asus\AppData\Roaming\Code\User\workspaceStorage\acbd3028857516c3192f14e75497de3f\redhat.java\jdt_ws
java_class_path (initial): c:\Users\Asus\.vscode\extensions\redhat.java-0.48.0\server\plugins\org.eclipse.equinox.launcher_1.5.500.v20190715-1310.jar
Launcher Type: SUN_STANDARD

Environment Variables:
JAVA_HOME=C:\Program Files\Java\jdk1.8.0_171
USERNAME=Asus
OS=Windows_NT
PROCESSOR_IDENTIFIER=Intel64 Family 6 Model 158 Stepping 10, GenuineIntel



---------------  S Y S T E M  ---------------

OS: Windows 10.0 , 64 bit Build 17134 (10.0.17134.753)

CPU:total 8 (initial active 8) (4 cores per cpu, 2 threads per core) family 6 model 158 stepping 10, cmov, cx8, fxsr, mmx, sse, sse2, sse3, ssse3, sse4.1, sse4.2, popcnt, avx, avx2, aes, clmul, erms, 3dnowpref, lzcnt, ht, tsc, tscinvbit, bmi1, bmi2, adx

Memory: 4k page, physical 8241696k(768380k free), swap 33407520k(24k free)

vm_info: Java HotSpot(TM) 64-Bit Server VM (25.171-b11) for windows-amd64 JRE (1.8.0_171-b11), built on Mar 28 2018 16:06:12 by "java_re" with MS VC++ 10.0 (VS2010)

time: Sat Sep 07 15:25:12 2019
elapsed time: 186 seconds (0d 0h 3m 6s)

