#
# There is insufficient memory for the Java Runtime Environment to continue.
# Native memory allocation (mmap) failed to map 132120576 bytes for Failed to commit area from 0x00000000c0000000 to 0x00000000c7e00000 of length 132120576.
# Possible reasons:
#   The system is out of physical RAM or swap space
#   In 32 bit mode, the process size limit was hit
# Possible solutions:
#   Reduce memory load on the system
#   Increase physical memory or swap space
#   Check if swap backing store is full
#   Use 64 bit Java on a 64 bit OS
#   Decrease Java heap size (-Xmx/-Xms)
#   Decrease number of Java threads
#   Decrease Java thread stack sizes (-Xss)
#   Set larger code cache with -XX:ReservedCodeCacheSize=
# This output file may be truncated or incomplete.
#
#  Out of Memory Error (os_windows.cpp:3331), pid=8756, tid=0x0000000000001018
#
# JRE version:  (8.0_171-b11) (build )
# Java VM: Java HotSpot(TM) 64-Bit Server VM (25.171-b11 mixed mode windows-amd64 compressed oops)
# Failed to write core dump. Minidumps are not enabled by default on client versions of Windows
#

---------------  T H R E A D  ---------------

Current thread (0x00000000033f2800):  JavaThread "Unknown thread" [_thread_in_vm, id=4120, stack(0x00000000032f0000,0x00000000033f0000)]

Stack: [0x00000000032f0000,0x00000000033f0000]
[error occurred during error reporting (printing stack bounds), id 0xc0000005]

Native frames: (J=compiled Java code, j=interpreted, Vv=VM code, C=native code)


---------------  P R O C E S S  ---------------

Java Threads: ( => current thread )

Other Threads:

=>0x00000000033f2800 (exited) JavaThread "Unknown thread" [_thread_in_vm, id=4120, stack(0x00000000032f0000,0x00000000033f0000)]

VM state:not at safepoint (not fully initialized)

VM Mutex/Monitor currently owned by a thread:  ([mutex/lock_event])
[0x00000000033f1750] Heap_lock - owner thread: 0x00000000033f2800

GC Heap History (0 events):
No events

Deoptimization events (0 events):
No events

Classes redefined (0 events):
No events

Internal exceptions (0 events):
No events

Events (0 events):
No events


Dynamic libraries:
0x00007ff7c1ba0000 - 0x00007ff7c1bd7000 	C:\Program Files\Java\jdk1.8.0_171\bin\java.exe
0x00007ffb095d0000 - 0x00007ffb097b1000 	C:\WINDOWS\SYSTEM32\ntdll.dll
0x00007ffb08ec0000 - 0x00007ffb08f71000 	C:\WINDOWS\System32\KERNEL32.DLL
0x00007ffb05d40000 - 0x00007ffb05fb3000 	C:\WINDOWS\System32\KERNELBASE.dll
0x00007ffb086b0000 - 0x00007ffb08751000 	C:\WINDOWS\System32\ADVAPI32.dll
0x00007ffb06c00000 - 0x00007ffb06c9e000 	C:\WINDOWS\System32\msvcrt.dll
0x00007ffb090d0000 - 0x00007ffb0912b000 	C:\WINDOWS\System32\sechost.dll
0x00007ffb08bb0000 - 0x00007ffb08cd4000 	C:\WINDOWS\System32\RPCRT4.dll
0x00007ffb087c0000 - 0x00007ffb08950000 	C:\WINDOWS\System32\USER32.dll
0x00007ffb06a40000 - 0x00007ffb06a60000 	C:\WINDOWS\System32\win32u.dll
0x00007ffb09030000 - 0x00007ffb09058000 	C:\WINDOWS\System32\GDI32.dll
0x00007ffb068a0000 - 0x00007ffb06a31000 	C:\WINDOWS\System32\gdi32full.dll
0x00007ffb06800000 - 0x00007ffb0689f000 	C:\WINDOWS\System32\msvcp_win.dll
0x00007ffb05c40000 - 0x00007ffb05d38000 	C:\WINDOWS\System32\ucrtbase.dll
0x00007ffaf4100000 - 0x00007ffaf4369000 	C:\WINDOWS\WinSxS\amd64_microsoft.windows.common-controls_6595b64144ccf1df_6.0.17134.950_none_fb3da4273069d3e0\COMCTL32.dll
0x00007ffb06ca0000 - 0x00007ffb06fc2000 	C:\WINDOWS\System32\combase.dll
0x00007ffb066d0000 - 0x00007ffb06749000 	C:\WINDOWS\System32\bcryptPrimitives.dll
0x00007ffb070b0000 - 0x00007ffb070dd000 	C:\WINDOWS\System32\IMM32.DLL
0x000000005ff70000 - 0x0000000060042000 	C:\Program Files\Java\jdk1.8.0_171\jre\bin\msvcr100.dll
0x000000005f4f0000 - 0x000000005fd90000 	C:\Program Files\Java\jdk1.8.0_171\jre\bin\server\jvm.dll
0x00007ffb070a0000 - 0x00007ffb070a8000 	C:\WINDOWS\System32\PSAPI.DLL
0x00007ffaff800000 - 0x00007ffaff823000 	C:\WINDOWS\SYSTEM32\WINMM.dll
0x00007ffb00c10000 - 0x00007ffb00c1a000 	C:\WINDOWS\SYSTEM32\VERSION.dll
0x00007ffaee740000 - 0x00007ffaee749000 	C:\WINDOWS\SYSTEM32\WSOCK32.dll
0x00007ffb08d60000 - 0x00007ffb08dcc000 	C:\WINDOWS\System32\WS2_32.dll
0x00007ffaff780000 - 0x00007ffaff7aa000 	C:\WINDOWS\SYSTEM32\WINMMBASE.dll
0x00007ffb05b90000 - 0x00007ffb05bd9000 	C:\WINDOWS\System32\cfgmgr32.dll
0x000000005ff60000 - 0x000000005ff6f000 	C:\Program Files\Java\jdk1.8.0_171\jre\bin\verify.dll
0x000000005ff30000 - 0x000000005ff59000 	C:\Program Files\Java\jdk1.8.0_171\jre\bin\java.dll
0x000000005ff10000 - 0x000000005ff26000 	C:\Program Files\Java\jdk1.8.0_171\jre\bin\zip.dll

VM Arguments:
jvm_args: -Declipse.application=org.eclipse.jdt.ls.core.id1 -Dosgi.bundles.defaultStartLevel=4 -Declipse.product=org.eclipse.jdt.ls.core.product -Dfile.encoding=utf8 -DwatchParentProcess=false -Xverify:none -Xmx1G -XX:+UseG1GC -XX:+UseStringDeduplication 
java_command: c:\Users\Asus\.vscode\extensions\redhat.java-0.48.0\server\plugins\org.eclipse.equinox.launcher_1.5.500.v20190715-1310.jar -configuration c:\Users\Asus\.vscode\extensions\redhat.java-0.48.0\server\config_win -data c:\Users\Asus\AppData\Roaming\Code\User\workspaceStorage\acbd3028857516c3192f14e75497de3f\redhat.java\jdt_ws
java_class_path (initial): c:\Users\Asus\.vscode\extensions\redhat.java-0.48.0\server\plugins\org.eclipse.equinox.launcher_1.5.500.v20190715-1310.jar
Launcher Type: SUN_STANDARD

Environment Variables:
JAVA_HOME=C:\Program Files\Java\jdk1.8.0_171
PATH=C:\oraclexe\app\oracle\product\11.2.0\server\bin;C:\Program Files (x86)\Common Files\Oracle\Java\javapath;C:\Program Files (x86)\Intel\Intel(R) Management Engine Components\iCLS\;C:\Program Files\Intel\Intel(R) Management Engine Components\iCLS\;C:\Windows\system32;C:\Windows;C:\Windows\System32\Wbem;C:\Windows\System32\WindowsPowerShell\v1.0\;C:\Program Files (x86)\Intel\Intel(R) Management Engine Components\DAL;C:\Program Files\Intel\Intel(R) Management Engine Components\DAL;C:\Program Files (x86)\Intel\Intel(R) Management Engine Components\IPT;C:\Program Files\Intel\Intel(R) Management Engine Components\IPT;C:\Program Files (x86)\NVIDIA Corporation\PhysX\Common;C:\Program Files\Intel\WiFi\bin\;C:\Program Files\Common Files\Intel\WirelessCommon\;C:\WINDOWS\system32;C:\WINDOWS;C:\WINDOWS\System32\Wbem;C:\WINDOWS\System32\WindowsPowerShell\v1.0\;C:\WINDOWS\System32\OpenSSH\;C:\Users\Asus\.dnx\bin;C:\Program Files\Microsoft DNX\Dnvm\;C:\Program Files\Microsoft SQL Server\120\Tools\Binn\;C:\Program Files\Microsoft SQL Server\130\Tools\Binn\;c:\Program Files (x86)\Microsoft SQL Server\110\Tools\Binn\;c:\Program Files\Microsoft SQL Server\110\Tools\Binn\;c:\Program Files\Microsoft SQL Server\110\DTS\Binn\;c:\Program Files (x86)\Microsoft SQL Server\110\Tools\Binn\ManagementStudio\;c:\Program Files (x86)\Microsoft SQL Server\110\DTS\Binn\;C:\Program Files (x86)\Yarn\bin\;C:\Program Files\nodejs\;C:\Program Files\Java\jdk1.8.0_171\bin;C:\Program Files\Java\jre1.8.0_171\bin;C:\Users\Asus\AppData\Local\Microsoft\WindowsApps;C:\AppServ\Apache2.2\bin;C:\AppServ\php5;C:\AppServ\MySQL\bin;C:\Users\Asus\AppData\Local\Programs\Python\Python37-32\Scripts;C:\Users\Asus\AppData\Local\Yarn\bin;C:\Users\Asus\AppData\Roaming\npm;C:\Program Files (x86)\IDM Computer Solutions\UltraEdit\;C:\Users\Asus\AppData\Local\Programs\Python\Python37-32\Scripts;C:\Users\Asus\AppData\Local\Programs\Microsoft VS Code\bin
USERNAME=Asus
OS=Windows_NT
PROCESSOR_IDENTIFIER=Intel64 Family 6 Model 158 Stepping 10, GenuineIntel



---------------  S Y S T E M  ---------------

OS: Windows 10.0 , 64 bit Build 17134 (10.0.17134.753)

CPU:total 8 (initial active 8) (4 cores per cpu, 2 threads per core) family 6 model 158 stepping 10, cmov, cx8, fxsr, mmx, sse, sse2, sse3, ssse3, sse4.1, sse4.2, popcnt, avx, avx2, aes, clmul, erms, 3dnowpref, lzcnt, ht, tsc, tscinvbit, bmi1, bmi2, adx

Memory: 4k page, physical 8241696k(1195080k free), swap 33407520k(97488k free)

vm_info: Java HotSpot(TM) 64-Bit Server VM (25.171-b11) for windows-amd64 JRE (1.8.0_171-b11), built on Mar 28 2018 16:06:12 by "java_re" with MS VC++ 10.0 (VS2010)

time: Fri Sep 06 23:26:38 2019
elapsed time: 0 seconds (0d 0h 0m 0s)

